<?xml version="1.0" encoding="UTF-8"?>
<testng-results skipped="0" failed="0" ignored="0" total="1" passed="1">
  <reporter-output>
  </reporter-output>
  <suite name="Default suite" duration-ms="15967" started-at="2022-02-07T16:36:02 CST" finished-at="2022-02-07T16:36:18 CST">
    <groups>
    </groups>
    <test name="Default test" duration-ms="15967" started-at="2022-02-07T16:36:02 CST" finished-at="2022-02-07T16:36:18 CST">
      <class name="MavenTest.googleTitle">
        <test-method status="PASS" signature="testTitlef()[pri:0, instance:MavenTest.googleTitle@22eeefeb]" name="testTitlef" duration-ms="15826" started-at="2022-02-07T16:36:02 CST" finished-at="2022-02-07T16:36:18 CST">
          <reporter-output>
          </reporter-output>
        </test-method> <!-- testTitlef -->
      </class> <!-- MavenTest.googleTitle -->
    </test> <!-- Default test -->
  </suite> <!-- Default suite -->
</testng-results>
